<?xml version="1.0" encoding="UTF-8"?>
<!-- Generated by org.testng.reporters.JUnitXMLReporter -->
<testsuite ignored="0" hostname="sanket" failures="0" tests="4" name="Test" time="78.699" errors="0" timestamp="17 Jul 2022 17:26:21 GMT">
  <testcase classname="TestClass.EBay" name="Buy_Module" time="10.642"/>
  <testcase classname="TestClass.EBay" name="Allcategory" time="3.939"/>
  <testcase classname="TestClass.EBay" name="Search" time="14.149"/>
  <testcase classname="TestClass.EBay" name="screenshot" time="11.553"/>
</testsuite> <!-- Test -->
